<?xml version="1.0" encoding="utf-8"?>
<testsuite package="org.checkstyle" time="0" tests="14" errors="0" name="checkstyle">
<testcase time="0" name="controller/App.java" classname="CheckStyle Issues">
</testcase><testcase time="0" name="controller/Controller.java" classname="CheckStyle Issues">
</testcase><testcase time="0" name="controller/MemberController.java" classname="CheckStyle Issues">
</testcase><testcase time="0" name="model/domain/Contract.java" classname="CheckStyle Issues">
</testcase><testcase time="0" name="model/domain/Item.java" classname="CheckStyle Issues">
</testcase><testcase time="0" name="model/domain/Member.java" classname="CheckStyle Issues">
</testcase><testcase time="0" name="model/domain/MemberId.java" classname="CheckStyle Issues">
</testcase><testcase time="0" name="model/domain/Registry.java" classname="CheckStyle Issues">
</testcase><testcase time="0" name="model/domain/Time.java" classname="CheckStyle Issues">
</testcase><testcase time="0" name="model/persistence/Imapper.java" classname="CheckStyle Issues">
</testcase><testcase time="0" name="model/persistence/Persistence.java" classname="CheckStyle Issues">
</testcase><testcase time="0" name="model/persistence/SqlMapper.java" classname="CheckStyle Issues">
</testcase><testcase time="0" name="model/TimeAdvancedObserver.java" classname="CheckStyle Issues">
</testcase><testcase time="0" name="view/ConsoleUi.java" classname="CheckStyle Issues">
</testcase></testsuite>