<?xml version="1.0" encoding="utf-8"?>
<testsuite package="org.spotbugs" time="0" tests="4" errors="0" name="findbugs">
<testcase time="0" name="controller/App.java" classname="FindBugs Issues">
</testcase><testcase time="0" name="model/Simple.java" classname="FindBugs Issues">
</testcase><testcase time="0" name="view/Simple.java" classname="FindBugs Issues">
</testcase><testcase time="0" name="controller/Simple.java" classname="FindBugs Issues">
</testcase></testsuite>