<?xml version="1.0" encoding="utf-8"?>
<testsuite package="org.checkstyle" time="0" tests="10" errors="1" name="checkstyle">
<testcase time="0" name="controller/MemberController.java" classname="CheckStyle Issues">
</testcase><testcase time="0" name="controller/App.java" classname="CheckStyle Issues">
</testcase><testcase time="0" name="model/Contract.java" classname="CheckStyle Issues">
</testcase><testcase time="0" name="model/MemberId.java" classname="CheckStyle Issues">
</testcase><testcase time="0" name="model/Time.java" classname="CheckStyle Issues">
</testcase><testcase time="0" name="model/Member.java" classname="CheckStyle Issues">
</testcase><testcase time="0" name="model/Registry.java" classname="CheckStyle Issues">
</testcase><testcase time="0" name="model/TimeAdvancedObserver.java" classname="CheckStyle Issues">
</testcase><testcase time="0" name="model/Item.java" classname="CheckStyle Issues">
</testcase><testcase time="0" name="view/ConsoleUi.java" classname="CheckStyle Issues">
<failure message="issues" ><![CDATA[line: 28 column: column:5 
Distance between variable 'firstName' declaration and its first usage is 4, 
  but allowed 3.  Consider making that variable final if you still need to 
  store its value in advance (before method calls that might have side 
  effects on the original value).
----------------
]]></failure>
</testcase></testsuite>