<?xml version="1.0" encoding="utf-8"?>
<testsuite package="org.checkstyle" time="0" tests="20" errors="330" name="checkstyle">
<testcase time="0" name="controller/Controller.java" classname="CheckStyle Issues">
<failure message="issues" ><![CDATA[line: 5 column: column:1 
Extra separation in import group before 'model.domain.Registry'
----------------
]]></failure>
</testcase><testcase time="0" name="controller/MemberController.java" classname="CheckStyle Issues">
<failure message="issues" ><![CDATA[line: 7 column: column:1 
Extra separation in import group before 'javax.swing.text.View'
----------------
line: 9 column: column:1 
Extra separation in import group before 'model.domain.Item'
----------------
line: 28 column: column:3 
Missing a Javadoc comment.
----------------
line: 109 column: column:15 
'for' has incorrect indentation level 14, expected level should be 8.
----------------
line: 110 column: column:17 
'for' child has incorrect indentation level 16, expected level should be 
  10.
----------------
line: 111 column: column:17 
'for' child has incorrect indentation level 16, expected level should be 
  10.
----------------
line: 113 column: column:15 
'for rcurly' has incorrect indentation level 14, expected level should be 
  8.
----------------
line: 264 column: 
Line is longer than 120 characters (found 125).
----------------
line: 320 column: column:5 
Distance between variable 'lender' declaration and its first usage is 4, 
  but allowed 3.  Consider making that variable final if you still need to 
  store its value in advance (before method calls that might have side 
  effects on the original value).
----------------
line: 321 column: column:5 
Distance between variable 'period' declaration and its first usage is 4, 
  but allowed 3.  Consider making that variable final if you still need to 
  store its value in advance (before method calls that might have side 
  effects on the original value).
----------------
line: 336 column: column:5 
'if' construct must use '{}'s.
----------------
]]></failure>
</testcase><testcase time="0" name="controller/App.java" classname="CheckStyle Issues">
</testcase><testcase time="0" name="model/persistence/Persistence.java" classname="CheckStyle Issues">
</testcase><testcase time="0" name="model/persistence/Imapper.java" classname="CheckStyle Issues">
</testcase><testcase time="0" name="model/persistence/SqlMapper.java" classname="CheckStyle Issues">
</testcase><testcase time="0" name="model/domain/Contract.java" classname="CheckStyle Issues">
</testcase><testcase time="0" name="model/domain/MemberId.java" classname="CheckStyle Issues">
</testcase><testcase time="0" name="model/domain/Time.java" classname="CheckStyle Issues">
</testcase><testcase time="0" name="model/domain/Member.java" classname="CheckStyle Issues">
<failure message="issues" ><![CDATA[line: 6 column: column:1 
Extra separation in import group before 'java.util.ArrayList'
----------------
line: 6 column: column:1 
Wrong lexicographical order for 'java.util.ArrayList' import. Should be 
  before 'view.CategoryEnum'.
----------------
line: 139 column: 
Javadoc tag '@return' should be preceded with an empty line.
----------------
line: 165 column: column:3 
Missing a Javadoc comment.
----------------
]]></failure>
</testcase><testcase time="0" name="model/domain/Registry.java" classname="CheckStyle Issues">
<failure message="issues" ><![CDATA[line: 7 column: column:1 
Extra separation in import group before 'java.util.ArrayList'
----------------
line: 7 column: column:1 
Wrong lexicographical order for 'java.util.ArrayList' import. Should be 
  before 'view.Language'.
----------------
]]></failure>
</testcase><testcase time="0" name="model/domain/TimeAdvancedObserver.java" classname="CheckStyle Issues">
</testcase><testcase time="0" name="model/domain/Item.java" classname="CheckStyle Issues">
</testcase><testcase time="0" name="view/EnumChoices.java" classname="CheckStyle Issues">
</testcase><testcase time="0" name="view/MemberEnum.java" classname="CheckStyle Issues">
</testcase><testcase time="0" name="view/SwedishUI.java" classname="CheckStyle Issues">
<failure message="issues" ><![CDATA[line: 5 column: column:1 
Extra separation in import group before 
  'edu.umd.cs.findbugs.annotations.SuppressFBWarnings'
----------------
line: 5 column: column:1 
Wrong lexicographical order for 
  'edu.umd.cs.findbugs.annotations.SuppressFBWarnings' import. Should be 
  before 'java.util.Scanner'.
----------------
line: 7 column: column:1 
Missing a Javadoc comment.
----------------
line: 7 column: column:14 
Abbreviation in name 'SwedishUI' must contain no more than '1' consecutive 
  capital letters.
----------------
line: 9 column: column:5 
'member def type' has incorrect indentation level 4, expected level should 
  be 2.
----------------
line: 10 column: column:5 
'member def modifier' has incorrect indentation level 4, expected level 
  should be 2.
----------------
line: 25 column: column:5 
'method def modifier' has incorrect indentation level 4, expected level 
  should be 2.
----------------
line: 26 column: column:9 
'method def' child has incorrect indentation level 8, expected level should 
  be 4.
----------------
line: 27 column: column:9 
'method def' child has incorrect indentation level 8, expected level should 
  be 4.
----------------
line: 28 column: column:9 
'method def' child has incorrect indentation level 8, expected level should 
  be 4.
----------------
line: 29 column: column:9 
'method def' child has incorrect indentation level 8, expected level should 
  be 4.
----------------
line: 30 column: column:9 
'method def' child has incorrect indentation level 8, expected level should 
  be 4.
----------------
line: 31 column: column:9 
'method def' child has incorrect indentation level 8, expected level should 
  be 4.
----------------
line: 32 column: column:9 
'method def' child has incorrect indentation level 8, expected level should 
  be 4.
----------------
line: 33 column: column:9 
'method def' child has incorrect indentation level 8, expected level should 
  be 4.
----------------
line: 34 column: column:9 
'method def' child has incorrect indentation level 8, expected level should 
  be 4.
----------------
line: 35 column: column:9 
'method def' child has incorrect indentation level 8, expected level should 
  be 4.
----------------
line: 37 column: column:9 
'method def' child has incorrect indentation level 8, expected level should 
  be 4.
----------------
line: 38 column: column:9 
'switch' has incorrect indentation level 8, expected level should be 4.
----------------
line: 39 column: column:13 
'case' child has incorrect indentation level 12, expected level should be 
  6.
----------------
line: 40 column: column:17 
'block' child has incorrect indentation level 16, expected level should be 
  8.
----------------
line: 41 column: column:13 
'case' child has incorrect indentation level 12, expected level should be 
  6.
----------------
line: 42 column: column:17 
'block' child has incorrect indentation level 16, expected level should be 
  8.
----------------
line: 43 column: column:13 
'case' child has incorrect indentation level 12, expected level should be 
  6.
----------------
line: 44 column: column:17 
'block' child has incorrect indentation level 16, expected level should be 
  8.
----------------
line: 45 column: column:13 
'case' child has incorrect indentation level 12, expected level should be 
  6.
----------------
line: 46 column: column:17 
'block' child has incorrect indentation level 16, expected level should be 
  8.
----------------
line: 47 column: column:13 
'case' child has incorrect indentation level 12, expected level should be 
  6.
----------------
line: 48 column: column:17 
'block' child has incorrect indentation level 16, expected level should be 
  8.
----------------
line: 49 column: column:9 
'switch rcurly' has incorrect indentation level 8, expected level should be 
  4.
----------------
line: 50 column: column:5 
'method def rcurly' has incorrect indentation level 4, expected level 
  should be 2.
----------------
line: 53 column: column:3 
Block comment has incorrect indentation level 2, expected is 4, indentation 
  should be the same level as line 56.
----------------
line: 56 column: column:5 
'method def modifier' has incorrect indentation level 4, expected level 
  should be 2.
----------------
line: 57 column: column:9 
'method def' child has incorrect indentation level 8, expected level should 
  be 4.
----------------
line: 58 column: column:9 
'method def' child has incorrect indentation level 8, expected level should 
  be 4.
----------------
line: 59 column: column:9 
'method def' child has incorrect indentation level 8, expected level should 
  be 4.
----------------
line: 60 column: column:9 
'method def' child has incorrect indentation level 8, expected level should 
  be 4.
----------------
line: 61 column: column:9 
'method def' child has incorrect indentation level 8, expected level should 
  be 4.
----------------
line: 62 column: column:9 
'method def' child has incorrect indentation level 8, expected level should 
  be 4.
----------------
line: 63 column: column:9 
'method def' child has incorrect indentation level 8, expected level should 
  be 4.
----------------
line: 64 column: column:9 
'method def' child has incorrect indentation level 8, expected level should 
  be 4.
----------------
line: 65 column: column:9 
'method def' child has incorrect indentation level 8, expected level should 
  be 4.
----------------
line: 66 column: column:9 
'method def' child has incorrect indentation level 8, expected level should 
  be 4.
----------------
line: 68 column: column:9 
'method def' child has incorrect indentation level 8, expected level should 
  be 4.
----------------
line: 69 column: column:9 
'switch' has incorrect indentation level 8, expected level should be 4.
----------------
line: 70 column: column:13 
'case' child has incorrect indentation level 12, expected level should be 
  6.
----------------
line: 71 column: column:17 
'block' child has incorrect indentation level 16, expected level should be 
  8.
----------------
line: 72 column: column:13 
'case' child has incorrect indentation level 12, expected level should be 
  6.
----------------
line: 73 column: column:17 
'block' child has incorrect indentation level 16, expected level should be 
  8.
----------------
line: 74 column: column:13 
'case' child has incorrect indentation level 12, expected level should be 
  6.
----------------
line: 75 column: column:17 
'block' child has incorrect indentation level 16, expected level should be 
  8.
----------------
line: 76 column: column:13 
'case' child has incorrect indentation level 12, expected level should be 
  6.
----------------
line: 77 column: column:17 
'block' child has incorrect indentation level 16, expected level should be 
  8.
----------------
line: 78 column: column:13 
'case' child has incorrect indentation level 12, expected level should be 
  6.
----------------
line: 79 column: column:17 
'block' child has incorrect indentation level 16, expected level should be 
  8.
----------------
line: 80 column: column:13 
'case' child has incorrect indentation level 12, expected level should be 
  6.
----------------
line: 81 column: column:17 
'block' child has incorrect indentation level 16, expected level should be 
  8.
----------------
line: 82 column: column:13 
'case' child has incorrect indentation level 12, expected level should be 
  6.
----------------
line: 83 column: column:17 
'block' child has incorrect indentation level 16, expected level should be 
  8.
----------------
line: 84 column: column:13 
'case' child has incorrect indentation level 12, expected level should be 
  6.
----------------
line: 85 column: column:17 
'block' child has incorrect indentation level 16, expected level should be 
  8.
----------------
line: 86 column: column:13 
'case' child has incorrect indentation level 12, expected level should be 
  6.
----------------
line: 87 column: column:17 
'block' child has incorrect indentation level 16, expected level should be 
  8.
----------------
line: 88 column: column:9 
'switch rcurly' has incorrect indentation level 8, expected level should be 
  4.
----------------
line: 89 column: column:5 
'method def rcurly' has incorrect indentation level 4, expected level 
  should be 2.
----------------
line: 94 column: column:5 
'method def modifier' has incorrect indentation level 4, expected level 
  should be 2.
----------------
line: 95 column: column:9 
'method def' child has incorrect indentation level 8, expected level should 
  be 4.
----------------
line: 96 column: column:9 
'method def' child has incorrect indentation level 8, expected level should 
  be 4.
----------------
line: 97 column: column:9 
'method def' child has incorrect indentation level 8, expected level should 
  be 4.
----------------
line: 98 column: column:9 
'method def' child has incorrect indentation level 8, expected level should 
  be 4.
----------------
line: 99 column: column:9 
'method def' child has incorrect indentation level 8, expected level should 
  be 4.
----------------
line: 100 column: column:9 
'method def' child has incorrect indentation level 8, expected level should 
  be 4.
----------------
line: 101 column: column:9 
'method def' child has incorrect indentation level 8, expected level should 
  be 4.
----------------
line: 103 column: column:9 
'method def' child has incorrect indentation level 8, expected level should 
  be 4.
----------------
line: 104 column: column:9 
'switch' has incorrect indentation level 8, expected level should be 4.
----------------
line: 105 column: column:13 
'case' child has incorrect indentation level 12, expected level should be 
  6.
----------------
line: 106 column: column:17 
'block' child has incorrect indentation level 16, expected level should be 
  8.
----------------
line: 107 column: column:13 
'case' child has incorrect indentation level 12, expected level should be 
  6.
----------------
line: 108 column: column:17 
'block' child has incorrect indentation level 16, expected level should be 
  8.
----------------
line: 109 column: column:13 
'case' child has incorrect indentation level 12, expected level should be 
  6.
----------------
line: 110 column: column:17 
'block' child has incorrect indentation level 16, expected level should be 
  8.
----------------
line: 111 column: column:13 
'case' child has incorrect indentation level 12, expected level should be 
  6.
----------------
line: 112 column: column:17 
'block' child has incorrect indentation level 16, expected level should be 
  8.
----------------
line: 113 column: column:13 
'case' child has incorrect indentation level 12, expected level should be 
  6.
----------------
line: 114 column: column:17 
'block' child has incorrect indentation level 16, expected level should be 
  8.
----------------
line: 115 column: column:13 
'case' child has incorrect indentation level 12, expected level should be 
  6.
----------------
line: 116 column: column:17 
'block' child has incorrect indentation level 16, expected level should be 
  8.
----------------
line: 117 column: column:9 
'switch rcurly' has incorrect indentation level 8, expected level should be 
  4.
----------------
line: 118 column: column:5 
'method def rcurly' has incorrect indentation level 4, expected level 
  should be 2.
----------------
line: 123 column: column:5 
'method def modifier' has incorrect indentation level 4, expected level 
  should be 2.
----------------
line: 124 column: column:9 
'method def' child has incorrect indentation level 8, expected level should 
  be 4.
----------------
line: 125 column: column:9 
'method def' child has incorrect indentation level 8, expected level should 
  be 4.
----------------
line: 126 column: column:9 
'method def' child has incorrect indentation level 8, expected level should 
  be 4.
----------------
line: 127 column: column:9 
'method def' child has incorrect indentation level 8, expected level should 
  be 4.
----------------
line: 128 column: column:9 
'method def' child has incorrect indentation level 8, expected level should 
  be 4.
----------------
line: 129 column: column:9 
'method def' child has incorrect indentation level 8, expected level should 
  be 4.
----------------
line: 130 column: column:5 
'method def rcurly' has incorrect indentation level 4, expected level 
  should be 2.
----------------
line: 137 column: column:5 
'method def modifier' has incorrect indentation level 4, expected level 
  should be 2.
----------------
line: 138 column: column:9 
'method def' child has incorrect indentation level 8, expected level should 
  be 4.
----------------
line: 139 column: column:9 
'method def' child has incorrect indentation level 8, expected level should 
  be 4.
----------------
line: 140 column: column:5 
'method def rcurly' has incorrect indentation level 4, expected level 
  should be 2.
----------------
line: 147 column: column:5 
'method def modifier' has incorrect indentation level 4, expected level 
  should be 2.
----------------
line: 148 column: column:9 
'method def' child has incorrect indentation level 8, expected level should 
  be 4.
----------------
line: 149 column: column:9 
'method def' child has incorrect indentation level 8, expected level should 
  be 4.
----------------
line: 150 column: column:5 
'method def rcurly' has incorrect indentation level 4, expected level 
  should be 2.
----------------
line: 157 column: column:5 
'method def modifier' has incorrect indentation level 4, expected level 
  should be 2.
----------------
line: 158 column: column:9 
'method def' child has incorrect indentation level 8, expected level should 
  be 4.
----------------
line: 159 column: column:9 
'method def' child has incorrect indentation level 8, expected level should 
  be 4.
----------------
line: 160 column: column:5 
'method def rcurly' has incorrect indentation level 4, expected level 
  should be 2.
----------------
line: 167 column: column:5 
'method def modifier' has incorrect indentation level 4, expected level 
  should be 2.
----------------
line: 168 column: column:9 
'method def' child has incorrect indentation level 8, expected level should 
  be 4.
----------------
line: 169 column: column:9 
'method def' child has incorrect indentation level 8, expected level should 
  be 4.
----------------
line: 170 column: column:5 
'method def rcurly' has incorrect indentation level 4, expected level 
  should be 2.
----------------
line: 177 column: column:5 
'method def modifier' has incorrect indentation level 4, expected level 
  should be 2.
----------------
line: 178 column: column:9 
'method def' child has incorrect indentation level 8, expected level should 
  be 4.
----------------
line: 179 column: column:9 
'method def' child has incorrect indentation level 8, expected level should 
  be 4.
----------------
line: 180 column: column:5 
'method def rcurly' has incorrect indentation level 4, expected level 
  should be 2.
----------------
line: 187 column: column:5 
'method def modifier' has incorrect indentation level 4, expected level 
  should be 2.
----------------
line: 188 column: column:9 
'method def' child has incorrect indentation level 8, expected level should 
  be 4.
----------------
line: 189 column: column:9 
'method def' child has incorrect indentation level 8, expected level should 
  be 4.
----------------
line: 190 column: column:5 
'method def rcurly' has incorrect indentation level 4, expected level 
  should be 2.
----------------
line: 198 column: column:5 
'method def modifier' has incorrect indentation level 4, expected level 
  should be 2.
----------------
line: 199 column: column:9 
'method def' child has incorrect indentation level 8, expected level should 
  be 4.
----------------
line: 200 column: column:9 
'method def' child has incorrect indentation level 8, expected level should 
  be 4.
----------------
line: 201 column: column:5 
'method def rcurly' has incorrect indentation level 4, expected level 
  should be 2.
----------------
line: 208 column: column:5 
'method def modifier' has incorrect indentation level 4, expected level 
  should be 2.
----------------
line: 209 column: column:9 
'method def' child has incorrect indentation level 8, expected level should 
  be 4.
----------------
line: 210 column: column:9 
'method def' child has incorrect indentation level 8, expected level should 
  be 4.
----------------
line: 211 column: column:5 
'method def rcurly' has incorrect indentation level 4, expected level 
  should be 2.
----------------
line: 218 column: column:5 
'method def modifier' has incorrect indentation level 4, expected level 
  should be 2.
----------------
line: 219 column: column:9 
'method def' child has incorrect indentation level 8, expected level should 
  be 4.
----------------
line: 220 column: column:9 
'method def' child has incorrect indentation level 8, expected level should 
  be 4.
----------------
line: 221 column: column:5 
'method def rcurly' has incorrect indentation level 4, expected level 
  should be 2.
----------------
line: 228 column: column:5 
'method def modifier' has incorrect indentation level 4, expected level 
  should be 2.
----------------
line: 229 column: column:9 
'method def' child has incorrect indentation level 8, expected level should 
  be 4.
----------------
line: 230 column: column:9 
'method def' child has incorrect indentation level 8, expected level should 
  be 4.
----------------
line: 231 column: column:5 
'method def rcurly' has incorrect indentation level 4, expected level 
  should be 2.
----------------
line: 238 column: column:5 
'method def modifier' has incorrect indentation level 4, expected level 
  should be 2.
----------------
line: 239 column: column:9 
'method def' child has incorrect indentation level 8, expected level should 
  be 4.
----------------
line: 240 column: column:9 
'method def' child has incorrect indentation level 8, expected level should 
  be 4.
----------------
line: 241 column: column:5 
'method def rcurly' has incorrect indentation level 4, expected level 
  should be 2.
----------------
line: 248 column: column:5 
'method def modifier' has incorrect indentation level 4, expected level 
  should be 2.
----------------
line: 249 column: column:9 
'method def' child has incorrect indentation level 8, expected level should 
  be 4.
----------------
line: 250 column: column:9 
'method def' child has incorrect indentation level 8, expected level should 
  be 4.
----------------
line: 251 column: column:5 
'method def rcurly' has incorrect indentation level 4, expected level 
  should be 2.
----------------
line: 258 column: column:5 
'method def modifier' has incorrect indentation level 4, expected level 
  should be 2.
----------------
line: 260 column: column:9 
'method def' child has incorrect indentation level 8, expected level should 
  be 4.
----------------
line: 263 column: column:9 
'method def' child has incorrect indentation level 8, expected level should 
  be 4.
----------------
line: 264 column: column:5 
'method def rcurly' has incorrect indentation level 4, expected level 
  should be 2.
----------------
line: 269 column: column:5 
'method def modifier' has incorrect indentation level 4, expected level 
  should be 2.
----------------
line: 271 column: column:9 
'method def' child has incorrect indentation level 8, expected level should 
  be 4.
----------------
line: 273 column: column:9 
'method def' child has incorrect indentation level 8, expected level should 
  be 4.
----------------
line: 274 column: column:5 
'method def rcurly' has incorrect indentation level 4, expected level 
  should be 2.
----------------
line: 281 column: column:5 
'method def modifier' has incorrect indentation level 4, expected level 
  should be 2.
----------------
line: 282 column: column:9 
'method def' child has incorrect indentation level 8, expected level should 
  be 4.
----------------
line: 283 column: column:9 
'method def' child has incorrect indentation level 8, expected level should 
  be 4.
----------------
line: 284 column: column:5 
'method def rcurly' has incorrect indentation level 4, expected level 
  should be 2.
----------------
line: 291 column: column:5 
'method def modifier' has incorrect indentation level 4, expected level 
  should be 2.
----------------
line: 292 column: column:9 
'method def' child has incorrect indentation level 8, expected level should 
  be 4.
----------------
line: 293 column: column:9 
'method def' child has incorrect indentation level 8, expected level should 
  be 4.
----------------
line: 294 column: column:5 
'method def rcurly' has incorrect indentation level 4, expected level 
  should be 2.
----------------
line: 296 column: column:5 
'method def modifier' has incorrect indentation level 4, expected level 
  should be 2.
----------------
line: 297 column: column:9 
'method def' child has incorrect indentation level 8, expected level should 
  be 4.
----------------
line: 298 column: column:9 
'method def' child has incorrect indentation level 8, expected level should 
  be 4.
----------------
line: 299 column: column:5 
'method def rcurly' has incorrect indentation level 4, expected level 
  should be 2.
----------------
line: 306 column: column:5 
'method def modifier' has incorrect indentation level 4, expected level 
  should be 2.
----------------
line: 307 column: column:9 
'method def' child has incorrect indentation level 8, expected level should 
  be 4.
----------------
line: 308 column: column:9 
'method def' child has incorrect indentation level 8, expected level should 
  be 4.
----------------
line: 309 column: column:5 
'method def rcurly' has incorrect indentation level 4, expected level 
  should be 2.
----------------
line: 311 column: column:5 
'method def modifier' has incorrect indentation level 4, expected level 
  should be 2.
----------------
line: 312 column: column:9 
'method def' child has incorrect indentation level 8, expected level should 
  be 4.
----------------
line: 313 column: column:9 
'method def' child has incorrect indentation level 8, expected level should 
  be 4.
----------------
line: 314 column: column:5 
'method def rcurly' has incorrect indentation level 4, expected level 
  should be 2.
----------------
line: 316 column: column:5 
'method def modifier' has incorrect indentation level 4, expected level 
  should be 2.
----------------
line: 317 column: column:9 
'method def' child has incorrect indentation level 8, expected level should 
  be 4.
----------------
line: 318 column: column:9 
'method def' child has incorrect indentation level 8, expected level should 
  be 4.
----------------
line: 319 column: column:5 
'method def rcurly' has incorrect indentation level 4, expected level 
  should be 2.
----------------
line: 321 column: column:5 
'method def modifier' has incorrect indentation level 4, expected level 
  should be 2.
----------------
line: 322 column: column:9 
'method def' child has incorrect indentation level 8, expected level should 
  be 4.
----------------
line: 323 column: column:9 
'method def' child has incorrect indentation level 8, expected level should 
  be 4.
----------------
line: 324 column: column:5 
'method def rcurly' has incorrect indentation level 4, expected level 
  should be 2.
----------------
line: 326 column: column:5 
'method def modifier' has incorrect indentation level 4, expected level 
  should be 2.
----------------
line: 327 column: column:9 
'method def' child has incorrect indentation level 8, expected level should 
  be 4.
----------------
line: 328 column: column:9 
'method def' child has incorrect indentation level 8, expected level should 
  be 4.
----------------
line: 329 column: column:5 
'method def rcurly' has incorrect indentation level 4, expected level 
  should be 2.
----------------
line: 334 column: column:5 
'method def modifier' has incorrect indentation level 4, expected level 
  should be 2.
----------------
line: 335 column: column:9 
'method def' child has incorrect indentation level 8, expected level should 
  be 4.
----------------
line: 336 column: column:9 
'method def' child has incorrect indentation level 8, expected level should 
  be 4.
----------------
line: 337 column: column:5 
'method def rcurly' has incorrect indentation level 4, expected level 
  should be 2.
----------------
line: 342 column: column:5 
'method def modifier' has incorrect indentation level 4, expected level 
  should be 2.
----------------
line: 343 column: column:9 
'method def' child has incorrect indentation level 8, expected level should 
  be 4.
----------------
line: 345 column: column:9 
'method def' child has incorrect indentation level 8, expected level should 
  be 4.
----------------
line: 347 column: column:5 
'method def rcurly' has incorrect indentation level 4, expected level 
  should be 2.
----------------
line: 352 column: column:5 
'method def modifier' has incorrect indentation level 4, expected level 
  should be 2.
----------------
line: 353 column: column:9 
'method def' child has incorrect indentation level 8, expected level should 
  be 4.
----------------
line: 354 column: column:5 
'method def rcurly' has incorrect indentation level 4, expected level 
  should be 2.
----------------
line: 361 column: column:5 
'method def modifier' has incorrect indentation level 4, expected level 
  should be 2.
----------------
line: 363 column: column:9 
'method def' child has incorrect indentation level 8, expected level should 
  be 4.
----------------
line: 364 column: column:5 
'method def rcurly' has incorrect indentation level 4, expected level 
  should be 2.
----------------
line: 366 column: column:5 
'method def modifier' has incorrect indentation level 4, expected level 
  should be 2.
----------------
line: 367 column: column:9 
'method def' child has incorrect indentation level 8, expected level should 
  be 4.
----------------
line: 368 column: column:9 
'method def' child has incorrect indentation level 8, expected level should 
  be 4.
----------------
line: 369 column: column:5 
'method def rcurly' has incorrect indentation level 4, expected level 
  should be 2.
----------------
line: 371 column: column:5 
'method def modifier' has incorrect indentation level 4, expected level 
  should be 2.
----------------
line: 372 column: column:9 
'method def' child has incorrect indentation level 8, expected level should 
  be 4.
----------------
line: 373 column: column:5 
'method def rcurly' has incorrect indentation level 4, expected level 
  should be 2.
----------------
line: 375 column: column:5 
'method def modifier' has incorrect indentation level 4, expected level 
  should be 2.
----------------
line: 376 column: column:9 
'method def' child has incorrect indentation level 8, expected level should 
  be 4.
----------------
line: 377 column: column:9 
'method def' child has incorrect indentation level 8, expected level should 
  be 4.
----------------
line: 378 column: column:5 
'method def rcurly' has incorrect indentation level 4, expected level 
  should be 2.
----------------
line: 380 column: column:5 
'method def modifier' has incorrect indentation level 4, expected level 
  should be 2.
----------------
line: 381 column: column:9 
'method def' child has incorrect indentation level 8, expected level should 
  be 4.
----------------
line: 382 column: column:9 
'method def' child has incorrect indentation level 8, expected level should 
  be 4.
----------------
line: 383 column: column:5 
'method def rcurly' has incorrect indentation level 4, expected level 
  should be 2.
----------------
line: 385 column: column:5 
'method def modifier' has incorrect indentation level 4, expected level 
  should be 2.
----------------
line: 386 column: column:9 
'method def' child has incorrect indentation level 8, expected level should 
  be 4.
----------------
line: 387 column: column:9 
'method def' child has incorrect indentation level 8, expected level should 
  be 4.
----------------
line: 388 column: column:5 
'method def rcurly' has incorrect indentation level 4, expected level 
  should be 2.
----------------
line: 390 column: column:5 
'method def modifier' has incorrect indentation level 4, expected level 
  should be 2.
----------------
line: 391 column: column:9 
'method def' child has incorrect indentation level 8, expected level should 
  be 4.
----------------
line: 392 column: column:9 
'method def' child has incorrect indentation level 8, expected level should 
  be 4.
----------------
line: 393 column: column:5 
'method def rcurly' has incorrect indentation level 4, expected level 
  should be 2.
----------------
line: 395 column: column:5 
'method def modifier' has incorrect indentation level 4, expected level 
  should be 2.
----------------
line: 396 column: column:9 
'method def' child has incorrect indentation level 8, expected level should 
  be 4.
----------------
line: 397 column: column:5 
'method def rcurly' has incorrect indentation level 4, expected level 
  should be 2.
----------------
line: 402 column: column:5 
'method def modifier' has incorrect indentation level 4, expected level 
  should be 2.
----------------
line: 403 column: column:9 
'method def' child has incorrect indentation level 8, expected level should 
  be 4.
----------------
line: 404 column: column:5 
'method def rcurly' has incorrect indentation level 4, expected level 
  should be 2.
----------------
line: 411 column: column:5 
'method def modifier' has incorrect indentation level 4, expected level 
  should be 2.
----------------
line: 412 column: column:9 
'method def' child has incorrect indentation level 8, expected level should 
  be 4.
----------------
line: 413 column: column:9 
'method def' child has incorrect indentation level 8, expected level should 
  be 4.
----------------
line: 414 column: column:9 
'method def' child has incorrect indentation level 8, expected level should 
  be 4.
----------------
line: 415 column: column:9 
'method def' child has incorrect indentation level 8, expected level should 
  be 4.
----------------
line: 416 column: column:9 
'method def' child has incorrect indentation level 8, expected level should 
  be 4.
----------------
line: 417 column: column:5 
'method def rcurly' has incorrect indentation level 4, expected level 
  should be 2.
----------------
line: 424 column: column:5 
'method def modifier' has incorrect indentation level 4, expected level 
  should be 2.
----------------
line: 425 column: column:9 
'method def' child has incorrect indentation level 8, expected level should 
  be 4.
----------------
line: 426 column: column:9 
'method def' child has incorrect indentation level 8, expected level should 
  be 4.
----------------
line: 427 column: column:5 
'method def rcurly' has incorrect indentation level 4, expected level 
  should be 2.
----------------
line: 434 column: column:5 
'method def modifier' has incorrect indentation level 4, expected level 
  should be 2.
----------------
line: 435 column: column:9 
'method def' child has incorrect indentation level 8, expected level should 
  be 4.
----------------
line: 436 column: column:9 
'method def' child has incorrect indentation level 8, expected level should 
  be 4.
----------------
line: 437 column: column:5 
'method def rcurly' has incorrect indentation level 4, expected level 
  should be 2.
----------------
line: 444 column: column:5 
'method def modifier' has incorrect indentation level 4, expected level 
  should be 2.
----------------
line: 445 column: column:9 
'method def' child has incorrect indentation level 8, expected level should 
  be 4.
----------------
line: 446 column: column:9 
'method def' child has incorrect indentation level 8, expected level should 
  be 4.
----------------
line: 447 column: column:5 
'method def rcurly' has incorrect indentation level 4, expected level 
  should be 2.
----------------
line: 454 column: column:5 
'method def modifier' has incorrect indentation level 4, expected level 
  should be 2.
----------------
line: 455 column: column:9 
'method def' child has incorrect indentation level 8, expected level should 
  be 4.
----------------
line: 456 column: column:9 
'method def' child has incorrect indentation level 8, expected level should 
  be 4.
----------------
line: 457 column: column:5 
'method def rcurly' has incorrect indentation level 4, expected level 
  should be 2.
----------------
line: 464 column: column:5 
'method def modifier' has incorrect indentation level 4, expected level 
  should be 2.
----------------
line: 465 column: column:9 
'method def' child has incorrect indentation level 8, expected level should 
  be 4.
----------------
line: 466 column: column:9 
'method def' child has incorrect indentation level 8, expected level should 
  be 4.
----------------
line: 467 column: column:5 
'method def rcurly' has incorrect indentation level 4, expected level 
  should be 2.
----------------
line: 474 column: column:5 
'method def modifier' has incorrect indentation level 4, expected level 
  should be 2.
----------------
line: 475 column: column:9 
'method def' child has incorrect indentation level 8, expected level should 
  be 4.
----------------
line: 476 column: column:9 
'method def' child has incorrect indentation level 8, expected level should 
  be 4.
----------------
line: 477 column: column:5 
'method def rcurly' has incorrect indentation level 4, expected level 
  should be 2.
----------------
line: 480 column: column:3 
Block comment has incorrect indentation level 2, expected is 4, indentation 
  should be the same level as line 487.
----------------
line: 487 column: column:5 
'method def modifier' has incorrect indentation level 4, expected level 
  should be 2.
----------------
line: 488 column: column:9 
'method def' child has incorrect indentation level 8, expected level should 
  be 4.
----------------
line: 489 column: column:5 
'method def rcurly' has incorrect indentation level 4, expected level 
  should be 2.
----------------
line: 507 column: column:1 
'method def modifier' has incorrect indentation level 0, expected level 
  should be 2.
----------------
line: 510 column: column:1 
'method def rcurly' has incorrect indentation level 0, expected level 
  should be 2.
----------------
line: 512 column: column:1 
'method def modifier' has incorrect indentation level 0, expected level 
  should be 2.
----------------
line: 515 column: column:1 
'method def rcurly' has incorrect indentation level 0, expected level 
  should be 2.
----------------
line: 517 column: column:1 
'method def modifier' has incorrect indentation level 0, expected level 
  should be 2.
----------------
line: 519 column: column:3 
'method def' child has incorrect indentation level 2, expected level should 
  be 4.
----------------
line: 520 column: column:1 
'method def rcurly' has incorrect indentation level 0, expected level 
  should be 2.
----------------
line: 522 column: column:1 
'method def modifier' has incorrect indentation level 0, expected level 
  should be 2.
----------------
line: 524 column: column:3 
'method def' child has incorrect indentation level 2, expected level should 
  be 4.
----------------
line: 525 column: column:1 
'method def rcurly' has incorrect indentation level 0, expected level 
  should be 2.
----------------
]]></failure>
</testcase><testcase time="0" name="view/ItemEnum.java" classname="CheckStyle Issues">
</testcase><testcase time="0" name="view/ConsoleUi.java" classname="CheckStyle Issues">
</testcase><testcase time="0" name="view/Language.java" classname="CheckStyle Issues">
<failure message="issues" ><![CDATA[line: 6 column: column:1 
Missing a Javadoc comment.
----------------
line: 9 column: column:5 
'method def modifier' has incorrect indentation level 4, expected level 
  should be 2.
----------------
line: 11 column: column:5 
'method def modifier' has incorrect indentation level 4, expected level 
  should be 2.
----------------
line: 13 column: column:5 
'method def modifier' has incorrect indentation level 4, expected level 
  should be 2.
----------------
line: 15 column: column:5 
'method def modifier' has incorrect indentation level 4, expected level 
  should be 2.
----------------
line: 17 column: column:5 
'method def modifier' has incorrect indentation level 4, expected level 
  should be 2.
----------------
line: 19 column: column:5 
'method def modifier' has incorrect indentation level 4, expected level 
  should be 2.
----------------
line: 21 column: column:5 
'method def modifier' has incorrect indentation level 4, expected level 
  should be 2.
----------------
line: 23 column: column:5 
'method def modifier' has incorrect indentation level 4, expected level 
  should be 2.
----------------
line: 25 column: column:5 
'method def modifier' has incorrect indentation level 4, expected level 
  should be 2.
----------------
line: 27 column: column:5 
'method def modifier' has incorrect indentation level 4, expected level 
  should be 2.
----------------
line: 29 column: column:5 
'method def modifier' has incorrect indentation level 4, expected level 
  should be 2.
----------------
line: 31 column: column:5 
'method def modifier' has incorrect indentation level 4, expected level 
  should be 2.
----------------
line: 33 column: column:5 
'method def modifier' has incorrect indentation level 4, expected level 
  should be 2.
----------------
line: 35 column: column:5 
'method def modifier' has incorrect indentation level 4, expected level 
  should be 2.
----------------
line: 37 column: column:5 
'method def modifier' has incorrect indentation level 4, expected level 
  should be 2.
----------------
line: 39 column: column:5 
'method def modifier' has incorrect indentation level 4, expected level 
  should be 2.
----------------
line: 41 column: column:5 
'method def modifier' has incorrect indentation level 4, expected level 
  should be 2.
----------------
line: 42 column: column:7 
'int' has incorrect indentation level 6, expected level should be 8.
----------------
line: 44 column: column:5 
'method def modifier' has incorrect indentation level 4, expected level 
  should be 2.
----------------
line: 45 column: column:7 
'int' has incorrect indentation level 6, expected level should be 8.
----------------
line: 47 column: column:5 
'method def modifier' has incorrect indentation level 4, expected level 
  should be 2.
----------------
line: 49 column: column:5 
'method def modifier' has incorrect indentation level 4, expected level 
  should be 2.
----------------
line: 51 column: column:5 
'method def modifier' has incorrect indentation level 4, expected level 
  should be 2.
----------------
line: 53 column: column:5 
'method def modifier' has incorrect indentation level 4, expected level 
  should be 2.
----------------
line: 55 column: column:5 
'method def modifier' has incorrect indentation level 4, expected level 
  should be 2.
----------------
line: 57 column: column:5 
'method def modifier' has incorrect indentation level 4, expected level 
  should be 2.
----------------
line: 59 column: column:5 
'method def modifier' has incorrect indentation level 4, expected level 
  should be 2.
----------------
line: 61 column: column:5 
'method def modifier' has incorrect indentation level 4, expected level 
  should be 2.
----------------
line: 63 column: column:5 
'method def modifier' has incorrect indentation level 4, expected level 
  should be 2.
----------------
line: 65 column: column:5 
'method def modifier' has incorrect indentation level 4, expected level 
  should be 2.
----------------
line: 67 column: column:5 
'method def modifier' has incorrect indentation level 4, expected level 
  should be 2.
----------------
line: 69 column: column:5 
'method def modifier' has incorrect indentation level 4, expected level 
  should be 2.
----------------
line: 71 column: column:5 
'method def modifier' has incorrect indentation level 4, expected level 
  should be 2.
----------------
line: 73 column: column:5 
'method def modifier' has incorrect indentation level 4, expected level 
  should be 2.
----------------
line: 75 column: column:5 
'method def modifier' has incorrect indentation level 4, expected level 
  should be 2.
----------------
line: 77 column: column:5 
'method def modifier' has incorrect indentation level 4, expected level 
  should be 2.
----------------
line: 80 column: column:5 
'method def modifier' has incorrect indentation level 4, expected level 
  should be 2.
----------------
]]></failure>
</testcase><testcase time="0" name="view/CategoryEnum.java" classname="CheckStyle Issues">
<failure message="issues" ><![CDATA[line: 3 column: column:1 
Missing a Javadoc comment.
----------------
]]></failure>
</testcase></testsuite>