<?xml version="1.0" encoding="UTF-8"?>
<testsuite name="CodeQualityTests" tests="1" skipped="0" failures="1" errors="0" timestamp="2023-05-08T15:32:30" hostname="DEEB" time="0.157">
  <properties/>
  <testcase name="codeQuality()" classname="CodeQualityTests" time="0.157">
    <failure message="org.opentest4j.AssertionFailedError: Max amount (5) of quality issues exceeded:21 ==&gt; expected: &lt;true&gt; but was: &lt;false&gt;" type="org.opentest4j.AssertionFailedError">org.opentest4j.AssertionFailedError: Max amount (5) of quality issues exceeded:21 ==&gt; expected: &lt;true&gt; but was: &lt;false&gt;
	at app//org.junit.jupiter.api.AssertionUtils.fail(AssertionUtils.java:55)
	at app//org.junit.jupiter.api.AssertTrue.assertTrue(AssertTrue.java:40)
	at app//org.junit.jupiter.api.Assertions.assertTrue(Assertions.java:193)
	at app//CodeQualityTests.codeQuality(CodeQualityTests.java:70)
	at java.base@17.0.2/jdk.internal.reflect.NativeMethodAccessorImpl.invoke0(Native Method)
	at java.base@17.0.2/jdk.internal.reflect.NativeMethodAccessorImpl.invoke(NativeMethodAccessorImpl.java:77)
	at java.base@17.0.2/jdk.internal.reflect.DelegatingMethodAccessorImpl.invoke(DelegatingMethodAccessorImpl.java:43)
	at java.base@17.0.2/java.lang.reflect.Method.invoke(Method.java:568)
	at app//org.junit.platform.commons.util.ReflectionUtils.invokeMethod(ReflectionUtils.java:688)
	at app//org.junit.jupiter.engine.execution.MethodInvocation.proceed(MethodInvocation.java:60)
	at app//org.junit.jupiter.engine.execution.InvocationInterceptorChain$ValidatingInvocation.proceed(InvocationInterceptorChain.java:131)
	at app//org.junit.jupiter.engine.extension.TimeoutExtension.intercept(TimeoutExtension.java:149)
	at app//org.junit.jupiter.engine.extension.TimeoutExtension.interceptTestableMethod(TimeoutExtension.java:140)
	at app//org.junit.jupiter.engine.extension.TimeoutExtension.interceptTestMethod(TimeoutExtension.java:84)
	at app//org.junit.jupiter.engine.execution.ExecutableInvoker$ReflectiveInterceptorCall.lambda$ofVoidMethod$0(ExecutableInvoker.java:115)
	at app//org.junit.jupiter.engine.execution.ExecutableInvoker.lambda$invoke$0(ExecutableInvoker.java:105)
	at app//org.junit.jupiter.engine.execution.InvocationInterceptorChain$InterceptedInvocation.proceed(InvocationInterceptorChain.java:106)
	at app//org.junit.jupiter.engine.execution.InvocationInterceptorChain.proceed(InvocationInterceptorChain.java:64)
	at app//org.junit.jupiter.engine.execution.InvocationInterceptorChain.chainAndInvoke(InvocationInterceptorChain.java:45)
	at app//org.junit.jupiter.engine.execution.InvocationInterceptorChain.invoke(InvocationInterceptorChain.java:37)
	at app//org.junit.jupiter.engine.execution.ExecutableInvoker.invoke(ExecutableInvoker.java:104)
	at app//org.junit.jupiter.engine.execution.ExecutableInvoker.invoke(ExecutableInvoker.java:98)
	at app//org.junit.jupiter.engine.descriptor.TestMethodTestDescriptor.lambda$invokeTestMethod$6(TestMethodTestDescriptor.java:210)
	at app//org.junit.platform.engine.support.hierarchical.ThrowableCollector.execute(ThrowableCollector.java:73)
	at app//org.junit.jupiter.engine.descriptor.TestMethodTestDescriptor.invokeTestMethod(TestMethodTestDescriptor.java:206)
	at app//org.junit.jupiter.engine.descriptor.TestMethodTestDescriptor.execute(TestMethodTestDescriptor.java:131)
	at app//org.junit.jupiter.engine.descriptor.TestMethodTestDescriptor.execute(TestMethodTestDescriptor.java:65)
	at app//org.junit.platform.engine.support.hierarchical.NodeTestTask.lambda$executeRecursively$5(NodeTestTask.java:139)
	at app//org.junit.platform.engine.support.hierarchical.ThrowableCollector.execute(ThrowableCollector.java:73)
	at app//org.junit.platform.engine.support.hierarchical.NodeTestTask.lambda$executeRecursively$7(NodeTestTask.java:129)
	at app//org.junit.platform.engine.support.hierarchical.Node.around(Node.java:137)
	at app//org.junit.platform.engine.support.hierarchical.NodeTestTask.lambda$executeRecursively$8(NodeTestTask.java:127)
	at app//org.junit.platform.engine.support.hierarchical.ThrowableCollector.execute(ThrowableCollector.java:73)
	at app//org.junit.platform.engine.support.hierarchical.NodeTestTask.executeRecursively(NodeTestTask.java:126)
	at app//org.junit.platform.engine.support.hierarchical.NodeTestTask.execute(NodeTestTask.java:84)
	at java.base@17.0.2/java.util.ArrayList.forEach(ArrayList.java:1511)
	at app//org.junit.platform.engine.support.hierarchical.SameThreadHierarchicalTestExecutorService.invokeAll(SameThreadHierarchicalTestExecutorService.java:38)
	at app//org.junit.platform.engine.support.hierarchical.NodeTestTask.lambda$executeRecursively$5(NodeTestTask.java:143)
	at app//org.junit.platform.engine.support.hierarchical.ThrowableCollector.execute(ThrowableCollector.java:73)
	at app//org.junit.platform.engine.support.hierarchical.NodeTestTask.lambda$executeRecursively$7(NodeTestTask.java:129)
	at app//org.junit.platform.engine.support.hierarchical.Node.around(Node.java:137)
	at app//org.junit.platform.engine.support.hierarchical.NodeTestTask.lambda$executeRecursively$8(NodeTestTask.java:127)
	at app//org.junit.platform.engine.support.hierarchical.ThrowableCollector.execute(ThrowableCollector.java:73)
	at app//org.junit.platform.engine.support.hierarchical.NodeTestTask.executeRecursively(NodeTestTask.java:126)
	at app//org.junit.platform.engine.support.hierarchical.NodeTestTask.execute(NodeTestTask.java:84)
	at java.base@17.0.2/java.util.ArrayList.forEach(ArrayList.java:1511)
	at app//org.junit.platform.engine.support.hierarchical.SameThreadHierarchicalTestExecutorService.invokeAll(SameThreadHierarchicalTestExecutorService.java:38)
	at app//org.junit.platform.engine.support.hierarchical.NodeTestTask.lambda$executeRecursively$5(NodeTestTask.java:143)
	at app//org.junit.platform.engine.support.hierarchical.ThrowableCollector.execute(ThrowableCollector.java:73)
	at app//org.junit.platform.engine.support.hierarchical.NodeTestTask.lambda$executeRecursively$7(NodeTestTask.java:129)
	at app//org.junit.platform.engine.support.hierarchical.Node.around(Node.java:137)
	at app//org.junit.platform.engine.support.hierarchical.NodeTestTask.lambda$executeRecursively$8(NodeTestTask.java:127)
	at app//org.junit.platform.engine.support.hierarchical.ThrowableCollector.execute(ThrowableCollector.java:73)
	at app//org.junit.platform.engine.support.hierarchical.NodeTestTask.executeRecursively(NodeTestTask.java:126)
	at app//org.junit.platform.engine.support.hierarchical.NodeTestTask.execute(NodeTestTask.java:84)
	at app//org.junit.platform.engine.support.hierarchical.SameThreadHierarchicalTestExecutorService.submit(SameThreadHierarchicalTestExecutorService.java:32)
	at app//org.junit.platform.engine.support.hierarchical.HierarchicalTestExecutor.execute(HierarchicalTestExecutor.java:57)
	at app//org.junit.platform.engine.support.hierarchical.HierarchicalTestEngine.execute(HierarchicalTestEngine.java:51)
	at org.junit.platform.launcher.core.EngineExecutionOrchestrator.execute(EngineExecutionOrchestrator.java:108)
	at org.junit.platform.launcher.core.EngineExecutionOrchestrator.execute(EngineExecutionOrchestrator.java:88)
	at org.junit.platform.launcher.core.EngineExecutionOrchestrator.lambda$execute$0(EngineExecutionOrchestrator.java:54)
	at org.junit.platform.launcher.core.EngineExecutionOrchestrator.withInterceptedStreams(EngineExecutionOrchestrator.java:67)
	at org.junit.platform.launcher.core.EngineExecutionOrchestrator.execute(EngineExecutionOrchestrator.java:52)
	at org.junit.platform.launcher.core.DefaultLauncher.execute(DefaultLauncher.java:96)
	at org.junit.platform.launcher.core.DefaultLauncher.execute(DefaultLauncher.java:75)
	at org.gradle.api.internal.tasks.testing.junitplatform.JUnitPlatformTestClassProcessor$CollectAllTestClassesExecutor.processAllTestClasses(JUnitPlatformTestClassProcessor.java:99)
	at org.gradle.api.internal.tasks.testing.junitplatform.JUnitPlatformTestClassProcessor$CollectAllTestClassesExecutor.access$000(JUnitPlatformTestClassProcessor.java:79)
	at org.gradle.api.internal.tasks.testing.junitplatform.JUnitPlatformTestClassProcessor.stop(JUnitPlatformTestClassProcessor.java:75)
	at org.gradle.api.internal.tasks.testing.SuiteTestClassProcessor.stop(SuiteTestClassProcessor.java:61)
	at java.base@17.0.2/jdk.internal.reflect.NativeMethodAccessorImpl.invoke0(Native Method)
	at java.base@17.0.2/jdk.internal.reflect.NativeMethodAccessorImpl.invoke(NativeMethodAccessorImpl.java:77)
	at java.base@17.0.2/jdk.internal.reflect.DelegatingMethodAccessorImpl.invoke(DelegatingMethodAccessorImpl.java:43)
	at java.base@17.0.2/java.lang.reflect.Method.invoke(Method.java:568)
	at org.gradle.internal.dispatch.ReflectionDispatch.dispatch(ReflectionDispatch.java:36)
	at org.gradle.internal.dispatch.ReflectionDispatch.dispatch(ReflectionDispatch.java:24)
	at org.gradle.internal.dispatch.ContextClassLoaderDispatch.dispatch(ContextClassLoaderDispatch.java:33)
	at org.gradle.internal.dispatch.ProxyDispatchAdapter$DispatchingInvocationHandler.invoke(ProxyDispatchAdapter.java:94)
	at jdk.proxy1/jdk.proxy1.$Proxy2.stop(Unknown Source)
	at org.gradle.api.internal.tasks.testing.worker.TestWorker$3.run(TestWorker.java:193)
	at org.gradle.api.internal.tasks.testing.worker.TestWorker.executeAndMaintainThreadName(TestWorker.java:129)
	at org.gradle.api.internal.tasks.testing.worker.TestWorker.execute(TestWorker.java:100)
	at org.gradle.api.internal.tasks.testing.worker.TestWorker.execute(TestWorker.java:60)
	at org.gradle.process.internal.worker.child.ActionExecutionWorker.execute(ActionExecutionWorker.java:56)
	at org.gradle.process.internal.worker.child.SystemApplicationClassLoaderWorker.call(SystemApplicationClassLoaderWorker.java:133)
	at org.gradle.process.internal.worker.child.SystemApplicationClassLoaderWorker.call(SystemApplicationClassLoaderWorker.java:71)
	at app//worker.org.gradle.process.internal.worker.GradleWorkerMain.run(GradleWorkerMain.java:69)
	at app//worker.org.gradle.process.internal.worker.GradleWorkerMain.main(GradleWorkerMain.java:74)
</failure>
  </testcase>
  <system-out><![CDATA[0 CheckStyle Issues in C:/Users/ahmed/OneDrive/Skrivbord/oo/a2/app/src/main/java/controller/App.java
0 CheckStyle Issues in C:/Users/ahmed/OneDrive/Skrivbord/oo/a2/app/src/main/java/controller/Controller.java
2 CheckStyle Issues in C:/Users/ahmed/OneDrive/Skrivbord/oo/a2/app/src/main/java/controller/MemberController.java
text:line: 430 column: column:3 
Missing a Javadoc comment.

text:line: 439 column: column:3 
Missing a Javadoc comment.

0 CheckStyle Issues in C:/Users/ahmed/OneDrive/Skrivbord/oo/a2/app/src/main/java/model/domain/Contract.java
0 CheckStyle Issues in C:/Users/ahmed/OneDrive/Skrivbord/oo/a2/app/src/main/java/model/domain/Item.java
0 CheckStyle Issues in C:/Users/ahmed/OneDrive/Skrivbord/oo/a2/app/src/main/java/model/domain/Member.java
0 CheckStyle Issues in C:/Users/ahmed/OneDrive/Skrivbord/oo/a2/app/src/main/java/model/domain/MemberId.java
1 CheckStyle Issues in C:/Users/ahmed/OneDrive/Skrivbord/oo/a2/app/src/main/java/model/domain/Registry.java
text:line: 72 column: column:5 
'for' child has incorrect indentation level 4, expected level should be 6.

0 CheckStyle Issues in C:/Users/ahmed/OneDrive/Skrivbord/oo/a2/app/src/main/java/model/domain/Time.java
0 CheckStyle Issues in C:/Users/ahmed/OneDrive/Skrivbord/oo/a2/app/src/main/java/model/domain/TimeAdvancedObserver.java
0 CheckStyle Issues in C:/Users/ahmed/OneDrive/Skrivbord/oo/a2/app/src/main/java/model/persistence/Imapper.java
0 CheckStyle Issues in C:/Users/ahmed/OneDrive/Skrivbord/oo/a2/app/src/main/java/model/persistence/Persistence.java
0 CheckStyle Issues in C:/Users/ahmed/OneDrive/Skrivbord/oo/a2/app/src/main/java/model/persistence/SqlMapper.java
0 CheckStyle Issues in C:/Users/ahmed/OneDrive/Skrivbord/oo/a2/app/src/main/java/view/CategoryEnum.java
6 CheckStyle Issues in C:/Users/ahmed/OneDrive/Skrivbord/oo/a2/app/src/main/java/view/ConsoleUi.java
text:line: 7 column: column:1 
Extra separation in import group before 'java.util.ArrayList'

text:line: 7 column: column:1 
Wrong lexicographical order for 'java.util.ArrayList' import. Should be before 
  'model.domain.Registry'.

text:line: 8 column: column:1 
Wrong lexicographical order for 'java.util.Collections' import. Should be before 
  'model.domain.Registry'.

text:line: 9 column: column:1 
Wrong lexicographical order for 'java.util.Comparator' import. Should be before 
  'model.domain.Registry'.

text:line: 10 column: column:1 
Wrong lexicographical order for 'java.util.Scanner' import. Should be before 
  'model.domain.Registry'.

text:line: 606 column: column:3 
Missing a Javadoc comment.

0 CheckStyle Issues in C:/Users/ahmed/OneDrive/Skrivbord/oo/a2/app/src/main/java/view/EnumChoices.java
0 CheckStyle Issues in C:/Users/ahmed/OneDrive/Skrivbord/oo/a2/app/src/main/java/view/ItemEnum.java
1 CheckStyle Issues in C:/Users/ahmed/OneDrive/Skrivbord/oo/a2/app/src/main/java/view/Language.java
text:line: 6 column: column:1 
Extra separation in import group before 'model.domain.Member'

0 CheckStyle Issues in C:/Users/ahmed/OneDrive/Skrivbord/oo/a2/app/src/main/java/view/MemberEnum.java
6 CheckStyle Issues in C:/Users/ahmed/OneDrive/Skrivbord/oo/a2/app/src/main/java/view/SwedishUi.java
text:line: 7 column: column:1 
Extra separation in import group before 'java.util.ArrayList'

text:line: 7 column: column:1 
Wrong lexicographical order for 'java.util.ArrayList' import. Should be before 
  'model.domain.Registry'.

text:line: 8 column: column:1 
Wrong lexicographical order for 'java.util.Collections' import. Should be before 
  'model.domain.Registry'.

text:line: 9 column: column:1 
Wrong lexicographical order for 'java.util.Comparator' import. Should be before 
  'model.domain.Registry'.

text:line: 10 column: column:1 
Wrong lexicographical order for 'java.util.Scanner' import. Should be before 
  'model.domain.Registry'.

text:line: 607 column: column:3 
Missing a Javadoc comment.

0 FindBugs Issues in model/domain/Item.java
0 FindBugs Issues in model/domain/MemberId.java
0 FindBugs Issues in view/EnumChoices.java
2 FindBugs Issues in view/ConsoleUi.java
text:lines: 25-616 
byeBye() invokes System.exit(...), which shuts down the entire virtual machine 
Method invokes System.exit(...) 
Invoking System.exit shuts down the entire Java virtual machine. This should only been done when it 
  is appropriate. Such calls make it hard or impossible for your code to be invoked by other code. 
  Consider throwing a RuntimeException instead.

text:lines: 25-616 
Nullcheck of input at line 598 of value previously dereferenced in check(String) 
Nullcheck of value previously dereferenced 
A value is checked here to see whether it is null, but this value cannot be null because it was 
  previously dereferenced and if it were null a null pointer exception would have occurred at the 
  earlier dereference. Essentially, this code and the previous dereference disagree as to whether 
  this value is allowed to be null. Either the check is redundant or the previous dereference is 
  erroneous.

0 FindBugs Issues in view/CategoryEnum.java
0 FindBugs Issues in controller/Controller.java
0 FindBugs Issues in model/domain/TimeAdvancedObserver.java
0 FindBugs Issues in view/Language.java
0 FindBugs Issues in view/MemberEnum.java
2 FindBugs Issues in view/SwedishUi.java
text:lines: 26-615 
byeBye() invokes System.exit(...), which shuts down the entire virtual machine 
Method invokes System.exit(...) 
Invoking System.exit shuts down the entire Java virtual machine. This should only been done when it 
  is appropriate. Such calls make it hard or impossible for your code to be invoked by other code. 
  Consider throwing a RuntimeException instead.

text:lines: 26-615 
Nullcheck of input at line 580 of value previously dereferenced in check(String) 
Nullcheck of value previously dereferenced 
A value is checked here to see whether it is null, but this value cannot be null because it was 
  previously dereferenced and if it were null a null pointer exception would have occurred at the 
  earlier dereference. Essentially, this code and the previous dereference disagree as to whether 
  this value is allowed to be null. Either the check is redundant or the previous dereference is 
  erroneous.

0 FindBugs Issues in controller/MemberController.java
1 FindBugs Issues in model/domain/Registry.java
text:lines: 19-260 
setMembers(ArrayList) may expose internal representation by storing an externally mutable object 
  into Registry.members 
May expose internal representation by incorporating reference to mutable object 
This code stores a reference to an externally mutable object into the internal representation of the 
  object. If instances are accessed by untrusted code, and unchecked changes to the mutable object 
  would compromise security or other important properties, you will need to do something different. 
  Storing a copy of the object is better approach in many situations.

0 FindBugs Issues in controller/App.java
0 FindBugs Issues in model/domain/Contract.java
0 FindBugs Issues in model/domain/Member.java
0 FindBugs Issues in model/domain/Time.java
0 FindBugs Issues in model/persistence/Imapper.java
0 FindBugs Issues in model/persistence/SqlMapper.java
0 FindBugs Issues in view/ItemEnum.java
0 FindBugs Issues in model/persistence/Persistence.java
]]></system-out>
  <system-err><![CDATA[]]></system-err>
</testsuite>
