<?xml version="1.0" encoding="UTF-8"?>
<testsuite name="CodeQualityTests" tests="1" skipped="0" failures="0" errors="0" timestamp="2023-10-09T18:09:48" hostname="MSI" time="0.083">
  <properties/>
  <testcase name="codeQuality()" classname="CodeQualityTests" time="0.083"/>
  <system-out><![CDATA[0 CheckStyle Issues in C:/Users/popoy/OneDrive/Desktop/pang school/1DV607 ooad/a2/app/src/main/java/controller/App.java
0 CheckStyle Issues in C:/Users/popoy/OneDrive/Desktop/pang school/1DV607 ooad/a2/app/src/main/java/controller/Controller.java
1 CheckStyle Issues in C:/Users/popoy/OneDrive/Desktop/pang school/1DV607 ooad/a2/app/src/main/java/controller/MemberController.java
text:line: 287 column: column:11 
'if' child has incorrect indentation level 10, expected level should be 8.

0 CheckStyle Issues in C:/Users/popoy/OneDrive/Desktop/pang school/1DV607 ooad/a2/app/src/main/java/model/domain/Contract.java
0 CheckStyle Issues in C:/Users/popoy/OneDrive/Desktop/pang school/1DV607 ooad/a2/app/src/main/java/model/domain/Item.java
0 CheckStyle Issues in C:/Users/popoy/OneDrive/Desktop/pang school/1DV607 ooad/a2/app/src/main/java/model/domain/Member.java
0 CheckStyle Issues in C:/Users/popoy/OneDrive/Desktop/pang school/1DV607 ooad/a2/app/src/main/java/model/domain/MemberId.java
0 CheckStyle Issues in C:/Users/popoy/OneDrive/Desktop/pang school/1DV607 ooad/a2/app/src/main/java/model/domain/Registry.java
0 CheckStyle Issues in C:/Users/popoy/OneDrive/Desktop/pang school/1DV607 ooad/a2/app/src/main/java/model/domain/Time.java
0 CheckStyle Issues in C:/Users/popoy/OneDrive/Desktop/pang school/1DV607 ooad/a2/app/src/main/java/model/domain/TimeAdvancedObserver.java
0 CheckStyle Issues in C:/Users/popoy/OneDrive/Desktop/pang school/1DV607 ooad/a2/app/src/main/java/model/persistence/Imapper.java
0 CheckStyle Issues in C:/Users/popoy/OneDrive/Desktop/pang school/1DV607 ooad/a2/app/src/main/java/model/persistence/Persistence.java
0 CheckStyle Issues in C:/Users/popoy/OneDrive/Desktop/pang school/1DV607 ooad/a2/app/src/main/java/model/persistence/SqlMapper.java
0 CheckStyle Issues in C:/Users/popoy/OneDrive/Desktop/pang school/1DV607 ooad/a2/app/src/main/java/view/CategoryEnum.java
0 CheckStyle Issues in C:/Users/popoy/OneDrive/Desktop/pang school/1DV607 ooad/a2/app/src/main/java/view/ConsoleUi.java
0 CheckStyle Issues in C:/Users/popoy/OneDrive/Desktop/pang school/1DV607 ooad/a2/app/src/main/java/view/EnumChoices.java
0 CheckStyle Issues in C:/Users/popoy/OneDrive/Desktop/pang school/1DV607 ooad/a2/app/src/main/java/view/ItemEnum.java
0 CheckStyle Issues in C:/Users/popoy/OneDrive/Desktop/pang school/1DV607 ooad/a2/app/src/main/java/view/Language.java
0 CheckStyle Issues in C:/Users/popoy/OneDrive/Desktop/pang school/1DV607 ooad/a2/app/src/main/java/view/MemberEnum.java
0 CheckStyle Issues in C:/Users/popoy/OneDrive/Desktop/pang school/1DV607 ooad/a2/app/src/main/java/view/SwedishUi.java
0 FindBugs Issues in model/domain/Item.java
0 FindBugs Issues in model/domain/MemberId.java
0 FindBugs Issues in view/EnumChoices.java
1 FindBugs Issues in view/ConsoleUi.java
text:lines: 24-616 
byeBye() invokes System.exit(...), which shuts down the entire virtual machine 
Method invokes System.exit(...) 
Invoking System.exit shuts down the entire Java virtual machine. This should only been done when it 
  is appropriate. Such calls make it hard or impossible for your code to be invoked by other code. 
  Consider throwing a RuntimeException instead.

0 FindBugs Issues in view/CategoryEnum.java
0 FindBugs Issues in controller/Controller.java
0 FindBugs Issues in model/domain/TimeAdvancedObserver.java
0 FindBugs Issues in view/Language.java
0 FindBugs Issues in view/MemberEnum.java
1 FindBugs Issues in view/SwedishUi.java
text:lines: 25-617 
byeBye() invokes System.exit(...), which shuts down the entire virtual machine 
Method invokes System.exit(...) 
Invoking System.exit shuts down the entire Java virtual machine. This should only been done when it 
  is appropriate. Such calls make it hard or impossible for your code to be invoked by other code. 
  Consider throwing a RuntimeException instead.

0 FindBugs Issues in controller/MemberController.java
1 FindBugs Issues in model/domain/Registry.java
text:lines: 19-260 
setMembers(ArrayList) may expose internal representation by storing an externally mutable object 
  into Registry.members 
May expose internal representation by incorporating reference to mutable object 
This code stores a reference to an externally mutable object into the internal representation of the 
  object. If instances are accessed by untrusted code, and unchecked changes to the mutable object 
  would compromise security or other important properties, you will need to do something different. 
  Storing a copy of the object is better approach in many situations.

0 FindBugs Issues in controller/App.java
0 FindBugs Issues in model/domain/Contract.java
0 FindBugs Issues in model/domain/Member.java
0 FindBugs Issues in model/domain/Time.java
0 FindBugs Issues in model/persistence/Imapper.java
0 FindBugs Issues in model/persistence/SqlMapper.java
0 FindBugs Issues in view/ItemEnum.java
0 FindBugs Issues in model/persistence/Persistence.java
]]></system-out>
  <system-err><![CDATA[]]></system-err>
</testsuite>
