<?xml version="1.0" encoding="UTF-8"?>
<testsuite name="CodeQualityTests" tests="1" skipped="0" failures="1" errors="0" timestamp="2022-10-10T18:45:43" hostname="DEEB" time="0.187">
  <properties/>
  <testcase name="codeQuality()" classname="CodeQualityTests" time="0.187">
    <failure message="org.opentest4j.AssertionFailedError: Max amount (5) of quality issues exceeded:21 ==&gt; expected: &lt;true&gt; but was: &lt;false&gt;" type="org.opentest4j.AssertionFailedError">org.opentest4j.AssertionFailedError: Max amount (5) of quality issues exceeded:21 ==&gt; expected: &lt;true&gt; but was: &lt;false&gt;
	at app//org.junit.jupiter.api.AssertionUtils.fail(AssertionUtils.java:55)
	at app//org.junit.jupiter.api.AssertTrue.assertTrue(AssertTrue.java:40)
	at app//org.junit.jupiter.api.Assertions.assertTrue(Assertions.java:193)
	at app//CodeQualityTests.codeQuality(CodeQualityTests.java:70)
	at java.base@17.0.2/jdk.internal.reflect.NativeMethodAccessorImpl.invoke0(Native Method)
	at java.base@17.0.2/jdk.internal.reflect.NativeMethodAccessorImpl.invoke(NativeMethodAccessorImpl.java:77)
	at java.base@17.0.2/jdk.internal.reflect.DelegatingMethodAccessorImpl.invoke(DelegatingMethodAccessorImpl.java:43)
	at java.base@17.0.2/java.lang.reflect.Method.invoke(Method.java:568)
	at app//org.junit.platform.commons.util.ReflectionUtils.invokeMethod(ReflectionUtils.java:688)
	at app//org.junit.jupiter.engine.execution.MethodInvocation.proceed(MethodInvocation.java:60)
	at app//org.junit.jupiter.engine.execution.InvocationInterceptorChain$ValidatingInvocation.proceed(InvocationInterceptorChain.java:131)
	at app//org.junit.jupiter.engine.extension.TimeoutExtension.intercept(TimeoutExtension.java:149)
	at app//org.junit.jupiter.engine.extension.TimeoutExtension.interceptTestableMethod(TimeoutExtension.java:140)
	at app//org.junit.jupiter.engine.extension.TimeoutExtension.interceptTestMethod(TimeoutExtension.java:84)
	at app//org.junit.jupiter.engine.execution.ExecutableInvoker$ReflectiveInterceptorCall.lambda$ofVoidMethod$0(ExecutableInvoker.java:115)
	at app//org.junit.jupiter.engine.execution.ExecutableInvoker.lambda$invoke$0(ExecutableInvoker.java:105)
	at app//org.junit.jupiter.engine.execution.InvocationInterceptorChain$InterceptedInvocation.proceed(InvocationInterceptorChain.java:106)
	at app//org.junit.jupiter.engine.execution.InvocationInterceptorChain.proceed(InvocationInterceptorChain.java:64)
	at app//org.junit.jupiter.engine.execution.InvocationInterceptorChain.chainAndInvoke(InvocationInterceptorChain.java:45)
	at app//org.junit.jupiter.engine.execution.InvocationInterceptorChain.invoke(InvocationInterceptorChain.java:37)
	at app//org.junit.jupiter.engine.execution.ExecutableInvoker.invoke(ExecutableInvoker.java:104)
	at app//org.junit.jupiter.engine.execution.ExecutableInvoker.invoke(ExecutableInvoker.java:98)
	at app//org.junit.jupiter.engine.descriptor.TestMethodTestDescriptor.lambda$invokeTestMethod$6(TestMethodTestDescriptor.java:210)
	at app//org.junit.platform.engine.support.hierarchical.ThrowableCollector.execute(ThrowableCollector.java:73)
	at app//org.junit.jupiter.engine.descriptor.TestMethodTestDescriptor.invokeTestMethod(TestMethodTestDescriptor.java:206)
	at app//org.junit.jupiter.engine.descriptor.TestMethodTestDescriptor.execute(TestMethodTestDescriptor.java:131)
	at app//org.junit.jupiter.engine.descriptor.TestMethodTestDescriptor.execute(TestMethodTestDescriptor.java:65)
	at app//org.junit.platform.engine.support.hierarchical.NodeTestTask.lambda$executeRecursively$5(NodeTestTask.java:139)
	at app//org.junit.platform.engine.support.hierarchical.ThrowableCollector.execute(ThrowableCollector.java:73)
	at app//org.junit.platform.engine.support.hierarchical.NodeTestTask.lambda$executeRecursively$7(NodeTestTask.java:129)
	at app//org.junit.platform.engine.support.hierarchical.Node.around(Node.java:137)
	at app//org.junit.platform.engine.support.hierarchical.NodeTestTask.lambda$executeRecursively$8(NodeTestTask.java:127)
	at app//org.junit.platform.engine.support.hierarchical.ThrowableCollector.execute(ThrowableCollector.java:73)
	at app//org.junit.platform.engine.support.hierarchical.NodeTestTask.executeRecursively(NodeTestTask.java:126)
	at app//org.junit.platform.engine.support.hierarchical.NodeTestTask.execute(NodeTestTask.java:84)
	at java.base@17.0.2/java.util.ArrayList.forEach(ArrayList.java:1511)
	at app//org.junit.platform.engine.support.hierarchical.SameThreadHierarchicalTestExecutorService.invokeAll(SameThreadHierarchicalTestExecutorService.java:38)
	at app//org.junit.platform.engine.support.hierarchical.NodeTestTask.lambda$executeRecursively$5(NodeTestTask.java:143)
	at app//org.junit.platform.engine.support.hierarchical.ThrowableCollector.execute(ThrowableCollector.java:73)
	at app//org.junit.platform.engine.support.hierarchical.NodeTestTask.lambda$executeRecursively$7(NodeTestTask.java:129)
	at app//org.junit.platform.engine.support.hierarchical.Node.around(Node.java:137)
	at app//org.junit.platform.engine.support.hierarchical.NodeTestTask.lambda$executeRecursively$8(NodeTestTask.java:127)
	at app//org.junit.platform.engine.support.hierarchical.ThrowableCollector.execute(ThrowableCollector.java:73)
	at app//org.junit.platform.engine.support.hierarchical.NodeTestTask.executeRecursively(NodeTestTask.java:126)
	at app//org.junit.platform.engine.support.hierarchical.NodeTestTask.execute(NodeTestTask.java:84)
	at java.base@17.0.2/java.util.ArrayList.forEach(ArrayList.java:1511)
	at app//org.junit.platform.engine.support.hierarchical.SameThreadHierarchicalTestExecutorService.invokeAll(SameThreadHierarchicalTestExecutorService.java:38)
	at app//org.junit.platform.engine.support.hierarchical.NodeTestTask.lambda$executeRecursively$5(NodeTestTask.java:143)
	at app//org.junit.platform.engine.support.hierarchical.ThrowableCollector.execute(ThrowableCollector.java:73)
	at app//org.junit.platform.engine.support.hierarchical.NodeTestTask.lambda$executeRecursively$7(NodeTestTask.java:129)
	at app//org.junit.platform.engine.support.hierarchical.Node.around(Node.java:137)
	at app//org.junit.platform.engine.support.hierarchical.NodeTestTask.lambda$executeRecursively$8(NodeTestTask.java:127)
	at app//org.junit.platform.engine.support.hierarchical.ThrowableCollector.execute(ThrowableCollector.java:73)
	at app//org.junit.platform.engine.support.hierarchical.NodeTestTask.executeRecursively(NodeTestTask.java:126)
	at app//org.junit.platform.engine.support.hierarchical.NodeTestTask.execute(NodeTestTask.java:84)
	at app//org.junit.platform.engine.support.hierarchical.SameThreadHierarchicalTestExecutorService.submit(SameThreadHierarchicalTestExecutorService.java:32)
	at app//org.junit.platform.engine.support.hierarchical.HierarchicalTestExecutor.execute(HierarchicalTestExecutor.java:57)
	at app//org.junit.platform.engine.support.hierarchical.HierarchicalTestEngine.execute(HierarchicalTestEngine.java:51)
	at org.junit.platform.launcher.core.EngineExecutionOrchestrator.execute(EngineExecutionOrchestrator.java:108)
	at org.junit.platform.launcher.core.EngineExecutionOrchestrator.execute(EngineExecutionOrchestrator.java:88)
	at org.junit.platform.launcher.core.EngineExecutionOrchestrator.lambda$execute$0(EngineExecutionOrchestrator.java:54)
	at org.junit.platform.launcher.core.EngineExecutionOrchestrator.withInterceptedStreams(EngineExecutionOrchestrator.java:67)
	at org.junit.platform.launcher.core.EngineExecutionOrchestrator.execute(EngineExecutionOrchestrator.java:52)
	at org.junit.platform.launcher.core.DefaultLauncher.execute(DefaultLauncher.java:96)
	at org.junit.platform.launcher.core.DefaultLauncher.execute(DefaultLauncher.java:75)
	at org.gradle.api.internal.tasks.testing.junitplatform.JUnitPlatformTestClassProcessor$CollectAllTestClassesExecutor.processAllTestClasses(JUnitPlatformTestClassProcessor.java:99)
	at org.gradle.api.internal.tasks.testing.junitplatform.JUnitPlatformTestClassProcessor$CollectAllTestClassesExecutor.access$000(JUnitPlatformTestClassProcessor.java:79)
	at org.gradle.api.internal.tasks.testing.junitplatform.JUnitPlatformTestClassProcessor.stop(JUnitPlatformTestClassProcessor.java:75)
	at org.gradle.api.internal.tasks.testing.SuiteTestClassProcessor.stop(SuiteTestClassProcessor.java:61)
	at java.base@17.0.2/jdk.internal.reflect.NativeMethodAccessorImpl.invoke0(Native Method)
	at java.base@17.0.2/jdk.internal.reflect.NativeMethodAccessorImpl.invoke(NativeMethodAccessorImpl.java:77)
	at java.base@17.0.2/jdk.internal.reflect.DelegatingMethodAccessorImpl.invoke(DelegatingMethodAccessorImpl.java:43)
	at java.base@17.0.2/java.lang.reflect.Method.invoke(Method.java:568)
	at org.gradle.internal.dispatch.ReflectionDispatch.dispatch(ReflectionDispatch.java:36)
	at org.gradle.internal.dispatch.ReflectionDispatch.dispatch(ReflectionDispatch.java:24)
	at org.gradle.internal.dispatch.ContextClassLoaderDispatch.dispatch(ContextClassLoaderDispatch.java:33)
	at org.gradle.internal.dispatch.ProxyDispatchAdapter$DispatchingInvocationHandler.invoke(ProxyDispatchAdapter.java:94)
	at jdk.proxy1/jdk.proxy1.$Proxy2.stop(Unknown Source)
	at org.gradle.api.internal.tasks.testing.worker.TestWorker$3.run(TestWorker.java:193)
	at org.gradle.api.internal.tasks.testing.worker.TestWorker.executeAndMaintainThreadName(TestWorker.java:129)
	at org.gradle.api.internal.tasks.testing.worker.TestWorker.execute(TestWorker.java:100)
	at org.gradle.api.internal.tasks.testing.worker.TestWorker.execute(TestWorker.java:60)
	at org.gradle.process.internal.worker.child.ActionExecutionWorker.execute(ActionExecutionWorker.java:56)
	at org.gradle.process.internal.worker.child.SystemApplicationClassLoaderWorker.call(SystemApplicationClassLoaderWorker.java:133)
	at org.gradle.process.internal.worker.child.SystemApplicationClassLoaderWorker.call(SystemApplicationClassLoaderWorker.java:71)
	at app//worker.org.gradle.process.internal.worker.GradleWorkerMain.run(GradleWorkerMain.java:69)
	at app//worker.org.gradle.process.internal.worker.GradleWorkerMain.main(GradleWorkerMain.java:74)
</failure>
  </testcase>
  <system-out><![CDATA[0 CheckStyle Issues in C:/Users/ahmed/OneDrive/Skrivbord/oo/a2/app/src/main/java/controller/App.java
0 CheckStyle Issues in C:/Users/ahmed/OneDrive/Skrivbord/oo/a2/app/src/main/java/controller/Controller.java
0 CheckStyle Issues in C:/Users/ahmed/OneDrive/Skrivbord/oo/a2/app/src/main/java/controller/MemberController.java
0 CheckStyle Issues in C:/Users/ahmed/OneDrive/Skrivbord/oo/a2/app/src/main/java/model/TimeAdvancedObserver.java
0 CheckStyle Issues in C:/Users/ahmed/OneDrive/Skrivbord/oo/a2/app/src/main/java/model/domain/Contract.java
0 CheckStyle Issues in C:/Users/ahmed/OneDrive/Skrivbord/oo/a2/app/src/main/java/model/domain/Item.java
6 CheckStyle Issues in C:/Users/ahmed/OneDrive/Skrivbord/oo/a2/app/src/main/java/model/domain/Member.java
text:line: 5 column: column:1 
Wrong lexicographical order for 'java.util.ArrayList' import. Should be before 
  'model.TimeAdvancedObserver'.

text:line: 117 column: 
Line is longer than 120 characters (found 122).

text:line: 117 column: column:122 
'+' should be on a new line.

text:line: 118 column: 
Line is longer than 120 characters (found 129).

text:line: 250 column: column:32 
WhitespaceAround: '{' is not preceded with whitespace.

text:line: 252 column: column:46 
')' is preceded with whitespace.

0 CheckStyle Issues in C:/Users/ahmed/OneDrive/Skrivbord/oo/a2/app/src/main/java/model/domain/MemberId.java
7 CheckStyle Issues in C:/Users/ahmed/OneDrive/Skrivbord/oo/a2/app/src/main/java/model/domain/Registry.java
text:line: 5 column: column:1 
Extra separation in import group before 'java.util.ArrayList'

text:line: 13 column: column:8 
Member name 'i' must match pattern '^[a-z][a-z0-9][a-zA-Z0-9]*$'.

text:line: 24 column: column:1 
Block comment has incorrect indentation level 0, expected is 4, indentation should be the same level 
  as line 43.

text:line: 44 column: column:4 
Comment has incorrect indentation level 3, expected is 4, indentation should be the same level as 
  line 43.

text:line: 53 column: 
Line is longer than 120 characters (found 122).

text:line: 53 column: column:122 
'+' should be on a new line.

text:line: 54 column: 
Line is longer than 120 characters (found 129).

0 CheckStyle Issues in C:/Users/ahmed/OneDrive/Skrivbord/oo/a2/app/src/main/java/model/domain/Time.java
0 CheckStyle Issues in C:/Users/ahmed/OneDrive/Skrivbord/oo/a2/app/src/main/java/model/persistence/Imapper.java
0 CheckStyle Issues in C:/Users/ahmed/OneDrive/Skrivbord/oo/a2/app/src/main/java/model/persistence/Persistence.java
0 CheckStyle Issues in C:/Users/ahmed/OneDrive/Skrivbord/oo/a2/app/src/main/java/model/persistence/SqlMapper.java
3 CheckStyle Issues in C:/Users/ahmed/OneDrive/Skrivbord/oo/a2/app/src/main/java/view/ConsoleUi.java
text:line: 217 column: 
Line is longer than 120 characters (found 133).

text:line: 218 column: column:28 
',' is not followed by whitespace.

text:line: 218 column: column:28 
',' is preceded with whitespace.

3 FindBugs Issues in model/domain/Item.java
text:lines: 20-256 
new model.domain.Item(String, String, int, int, Boolean, int, String, String, String) uses the same 
  code for two branches 
Method uses the same code for two branches 
This method uses the same code to implement two branches of a conditional branch. Check to ensure 
  that this isn't a coding mistake.

text:lines: 20-256 
Call to equals(null) in new model.domain.Item(String, String, int, int, Boolean, int, String, 
  String, String) 
Call to equals(null) 
This method calls equals(Object), passing a null value as the argument. According to the contract of 
  the equals() method, this call should always return false.

text:lines: 20-256 
Unwritten public or protected field: itemClass 
Unwritten public or protected field 
No writes were seen to this public/protected field. All reads of it will return the default value. 
  Check for errors (should it have been initialized?), or remove it if it is useless.

0 FindBugs Issues in model/domain/MemberId.java
1 FindBugs Issues in view/ConsoleUi.java
text:lines: 21-427 
byeBye() invokes System.exit(...), which shuts down the entire virtual machine 
Method invokes System.exit(...) 
Invoking System.exit shuts down the entire Java virtual machine. This should only been done when it 
  is appropriate. Such calls make it hard or impossible for your code to be invoked by other code. 
  Consider throwing a RuntimeException instead.

0 FindBugs Issues in controller/Controller.java
1 FindBugs Issues in controller/MemberController.java
text:lines: 18-302 
Nullcheck of input at line 169 of value previously dereferenced in check(String) 
Nullcheck of value previously dereferenced 
A value is checked here to see whether it is null, but this value cannot be null because it was 
  previously dereferenced and if it were null a null pointer exception would have occurred at the 
  earlier dereference. Essentially, this code and the previous dereference disagree as to whether 
  this value is allowed to be null. Either the check is redundant or the previous dereference is 
  erroneous.

0 FindBugs Issues in model/domain/Registry.java
0 FindBugs Issues in controller/App.java
0 FindBugs Issues in model/domain/Contract.java
0 FindBugs Issues in model/domain/Member.java
0 FindBugs Issues in model/domain/Time.java
0 FindBugs Issues in model/persistence/Imapper.java
0 FindBugs Issues in model/TimeAdvancedObserver.java
0 FindBugs Issues in model/persistence/SqlMapper.java
0 FindBugs Issues in model/persistence/Persistence.java
]]></system-out>
  <system-err><![CDATA[]]></system-err>
</testsuite>
